TN:
SF:/Users/andresecheverri/Documents/testing/learning_testing/testing-tour-of-heroes/src/polyfills.ts
FNF:0
FNH:0
DA:46,1
DA:73,1
LF:2
LH:2
BRF:0
BRH:0
end_of_record
TN:
SF:/Users/andresecheverri/Documents/testing/learning_testing/testing-tour-of-heroes/src/test.ts
FNF:0
FNH:0
DA:3,1
DA:4,1
DA:5,1
DA:13,1
DA:18,1
DA:20,1
LF:6
LH:6
BRF:0
BRH:0
end_of_record
TN:
SF:/Users/andresecheverri/Documents/testing/learning_testing/testing-tour-of-heroes/src/app/model/hero.service.ts
FN:14,(anonymous_2)
FN:18,HeroService
FN:21,(anonymous_4)
FN:24,(anonymous_5)
FN:30,(anonymous_6)
FN:37,(anonymous_7)
FN:38,(anonymous_8)
FN:49,(anonymous_9)
FN:51,(anonymous_10)
FN:56,(anonymous_11)
FN:61,(anonymous_12)
FN:67,(anonymous_13)
FN:69,(anonymous_14)
FN:78,(anonymous_15)
FN:79,(anonymous_16)
FN:94,(anonymous_17)
FNF:16
FNH:4
FNDA:1,(anonymous_2)
FNDA:1,HeroService
FNDA:1,(anonymous_4)
FNDA:0,(anonymous_5)
FNDA:0,(anonymous_6)
FNDA:0,(anonymous_7)
FNDA:0,(anonymous_8)
FNDA:0,(anonymous_9)
FNDA:0,(anonymous_10)
FNDA:0,(anonymous_11)
FNDA:0,(anonymous_12)
FNDA:0,(anonymous_13)
FNDA:0,(anonymous_14)
FNDA:1,(anonymous_15)
FNDA:0,(anonymous_16)
FNDA:0,(anonymous_17)
DA:1,1
DA:2,1
DA:5,1
DA:9,1
DA:14,1
DA:16,1
DA:18,1
DA:21,1
DA:22,1
DA:24,0
DA:30,1
DA:31,0
DA:32,0
DA:34,0
DA:35,0
DA:37,0
DA:39,0
DA:40,0
DA:49,1
DA:50,0
DA:51,0
DA:56,1
DA:57,0
DA:58,0
DA:60,0
DA:61,0
DA:67,1
DA:68,0
DA:69,0
DA:78,1
DA:79,1
DA:82,0
DA:84,0
DA:89,0
DA:94,1
DA:95,0
DA:97,1
LF:37
LH:17
BRDA:31,0,0,0
BRDA:31,0,1,0
BRDA:39,1,0,0
BRDA:39,1,1,0
BRDA:57,2,0,0
BRDA:57,2,1,0
BRDA:78,3,0,0
BRDA:78,3,1,1
BRDA:85,4,0,0
BRDA:85,4,1,0
BRF:10
BRH:1
end_of_record
